<wxlog>
  <threadId>#main</threadId>
  <timestamp>00:05:31:7080</timestamp>
  <msgtype>MsgWXLogLaunch</msgtype>
  <content>[The WXLogger is launched!]</content>
  <stackFrames>
[CALL STACK][0]: Method:WXTextureTools.Application.Options.OptionsConfig..ctor; File:.0
[CALL STACK][1]: Method:WXTextureTools.Application.App..ctor; File:.0
[CALL STACK][2]: Method:WXTextureTools.Program.Main; File:.0
</stackFrames>
</wxlog>
<wxlog>
  <threadId>#main</threadId>
  <timestamp>00:05:31:7250</timestamp>
  <msgtype>MsgMixture</msgtype>
  <content>string|String[]
OptionsConfig,-option=fb
-dataDir=D:/FoxCard/trunk/Dev/TextToolDatas
-classDataPath=D:\FoxCard\trunk\Dev\Library\PackageCache\com.qq.weixin.minigame@7d4bd55b5b\Editor/TextureEditor/classdata.tpk
-sourcePath=D:/FoxCard/trunk/Dev/Builds\webgl\Build\webgl.data
-do=slim
-outDir=D:/FoxCard/trunk/Dev/TextToolDatas\fbslimtTemp
-slimConfPath=D:\FoxCard\trunk\Dev\Library\PackageCache\com.qq.weixin.minigame@7d4bd55b5b\Editor/TextureEditor/slim.conf
</content>
  <stackFrames>
[CALL STACK][0]: Method:WXTextureTools.Application.App..ctor; File:.0
[CALL STACK][1]: Method:WXTextureTools.Program.Main; File:.0
</stackFrames>
</wxlog>
<wxlog>
  <threadId>#main</threadId>
  <timestamp>00:05:31:7260</timestamp>
  <msgtype>MsgMixture</msgtype>
  <content>string|string
UnityBridgeHandler - SetDataDir,D:/FoxCard/trunk/Dev/TextToolDatas\temp</content>
  <stackFrames>
[CALL STACK][0]: Method:WXTextureTools.Program.Main; File:.0
</stackFrames>
</wxlog>
<wxlog>
  <threadId>#main</threadId>
  <timestamp>00:05:31:7521</timestamp>
  <msgtype>MsgMixture</msgtype>
  <content>string|string
FirstBundleDel,D:/FoxCard/trunk/Dev/TextToolDatas\fbslimConfig.txt</content>
  <stackFrames>
[CALL STACK][0]: Method:WXTextureTools.Application.AppCmdExec.WXSlimFirstBundleExec.todo; File:.0
[CALL STACK][1]: Method:WXTextureTools.Application.App.process; File:.0
[CALL STACK][2]: Method:WXTextureTools.Application.App..ctor; File:.0
</stackFrames>
</wxlog>
<wxlog>
  <threadId>#main</threadId>
  <timestamp>00:05:31:8752</timestamp>
  <msgtype>MsgMixture</msgtype>
  <content>string|string|bool
FirstBundleText slim - pngName,Font Texture.8f00b204,false</content>
  <stackFrames>
[CALL STACK][0]: Method:WXTextureTools.Application.FirstBundle.FirstBundleHandler.slim; File:.0
[CALL STACK][1]: Method:WXTextureTools.Application.AppCmdExec.WXSlimFirstBundleExec.todo; File:.0
[CALL STACK][2]: Method:WXTextureTools.Application.App.process; File:.0
</stackFrames>
</wxlog>
<wxlog>
  <threadId>#main</threadId>
  <timestamp>00:05:31:8752</timestamp>
  <msgtype>MsgMixture</msgtype>
  <content>string|Exception
FirstBundleHandler.slim.Exception,
要求非负数。
参数名: count
   在 System.IO.BinaryReader.ReadBytes(Int32 count)
   在 AssetsTools.NET.AssetTypeTemplateField.ReadType(AssetsFileReader reader, AssetTypeValueField valueField, RefTypeManager refMan)
   在 AssetsTools.NET.AssetTypeTemplateField.ReadType(AssetsFileReader reader, AssetTypeValueField valueField, RefTypeManager refMan)
   在 AssetsTools.NET.AssetTypeTemplateField.ReadType(AssetsFileReader reader, AssetTypeValueField valueField, RefTypeManager refMan)
   在 AssetsTools.NET.AssetTypeTemplateField.MakeValue(AssetsFileReader reader, RefTypeManager refMan)
   在 AssetsTools.NET.Extra.AssetsManager.GetBaseField(AssetsFileInstance inst, AssetFileInfo info, AssetReadFlags readFlags)
   在 WXTextureTools.Application.Texture.FirstBundleText.slim(JSON_SlimConf conf, FirstBundleDel fbDel, String dstPath)
   在 WXTextureTools.Application.FirstBundle.FirstBundleHandler.slimText()
   在 WXTextureTools.Application.FirstBundle.FirstBundleHandler.slim(String confPath, String dataDir)
</content>
  <stackFrames>
[CALL STACK][0]: Method:WXTextureTools.Application.AppCmdExec.WXSlimFirstBundleExec.todo; File:.0
[CALL STACK][1]: Method:WXTextureTools.Application.App.process; File:.0
[CALL STACK][2]: Method:WXTextureTools.Application.App..ctor; File:.0
</stackFrames>
</wxlog>
<wxlog>
  <threadId>#main</threadId>
  <timestamp>00:05:31:8771</timestamp>
  <msgtype>MsgMixture</msgtype>
  <content>string|string
WXException,fbSlim failed.</content>
  <stackFrames>
[CALL STACK][0]: Method:WXTextureTools.Application.AppCmdExec.WXSlimFirstBundleExec.todo; File:.0
[CALL STACK][1]: Method:WXTextureTools.Application.App.process; File:.0
[CALL STACK][2]: Method:WXTextureTools.Application.App..ctor; File:.0
</stackFrames>
</wxlog>
<wxlog>
  <threadId>#main</threadId>
  <timestamp>00:05:31:8771</timestamp>
  <msgtype>MsgException</msgtype>
  <content>
fbSlim failed.
   在 WXTextureTools.Application.FirstBundle.FirstBundleHandler.slim(String confPath, String dataDir)
   在 WXTextureTools.Application.AppCmdExec.WXSlimFirstBundleExec.todo()
   在 WXTextureTools.Application.App.process()
   在 WXTextureTools.Application.App..ctor(String[] args)
</content>
  <stackFrames>
[CALL STACK][0]: Method:WXTextureTools.Program.Main; File:.0
</stackFrames>
</wxlog>
<wxlog>
  <threadId>#main</threadId>
  <timestamp>00:05:31:8781</timestamp>
  <msgtype>MsgMixture</msgtype>
  <content>string|string
Program Main,fbSlim failed.</content>
  <stackFrames>
</stackFrames>
</wxlog>
